Random Number 10

[master bf9caaf] Updating log file
 2 files changed, 3 insertions(+), 17 deletions(-)
 rewrite gitCommit.log (99%)
[master 0a07540] Updating log file
 2 files changed, 4 insertions(+), 1 deletion(-)
[master 1f333f1] Updating log file
 2 files changed, 3 insertions(+), 1 deletion(-)
[master e12d8d5] Updating log file
 2 files changed, 3 insertions(+), 1 deletion(-)
[master 4982023] Updating log file
 2 files changed, 3 insertions(+), 1 deletion(-)
[master 048e5af] Updating log file
 2 files changed, 3 insertions(+), 1 deletion(-)
[master 75a5267] Updating log file
 2 files changed, 3 insertions(+), 1 deletion(-)
[master ad46665] Updating log file
 2 files changed, 3 insertions(+), 1 deletion(-)
[master 9bc82f1] Updating log file
 2 files changed, 3 insertions(+), 1 deletion(-)
[master 5f00536] Updating log file
 2 files changed, 3 insertions(+), 1 deletion(-)
